[2021-02-18T03:22:02.058402+00:00] channel-name.INFO: ----- Start loop ------ [] []
[2021-02-18T03:22:02.058643+00:00] channel-name.INFO: loop: 1 - None [] []
[2021-02-18T03:22:02.058675+00:00] channel-name.INFO: loop: 2 - None [] []
[2021-02-18T03:22:02.058700+00:00] channel-name.INFO: loop: 3 - Fizz [] []
[2021-02-18T03:22:02.058721+00:00] channel-name.INFO: loop: 4 - None [] []
[2021-02-18T03:22:02.058737+00:00] channel-name.INFO: loop: 5 - Buzz [] []
[2021-02-18T03:22:02.058753+00:00] channel-name.INFO: loop: 6 - Fizz [] []
[2021-02-18T03:22:02.058768+00:00] channel-name.INFO: loop: 7 - None [] []
[2021-02-18T03:22:02.058783+00:00] channel-name.INFO: loop: 8 - None [] []
[2021-02-18T03:22:02.058798+00:00] channel-name.INFO: loop: 9 - Fizz [] []
[2021-02-18T03:22:02.058813+00:00] channel-name.INFO: loop: 10 - Buzz [] []
[2021-02-18T03:22:02.058834+00:00] channel-name.INFO: loop: 11 - None [] []
[2021-02-18T03:22:02.058852+00:00] channel-name.INFO: loop: 12 - Fizz [] []
[2021-02-18T03:22:02.058868+00:00] channel-name.INFO: loop: 13 - None [] []
[2021-02-18T03:22:02.058882+00:00] channel-name.INFO: loop: 14 - None [] []
[2021-02-18T03:22:02.058897+00:00] channel-name.INFO: loop: 15 - FizzBuzz [] []
[2021-02-18T03:22:02.058912+00:00] channel-name.INFO: ----- End loop ------ [] []
[2021-02-18T03:32:49.702613+00:00] channel-name.INFO: ----- Start loop ------ [] []
[2021-02-18T03:32:49.709496+00:00] channel-name.INFO: loop: 1 - None [] []
[2021-02-18T03:32:49.709565+00:00] channel-name.INFO: loop: 2 - None [] []
[2021-02-18T03:32:49.709596+00:00] channel-name.INFO: loop: 3 - Fizz [] []
[2021-02-18T03:32:49.709621+00:00] channel-name.INFO: loop: 4 - None [] []
[2021-02-18T03:32:49.709644+00:00] channel-name.INFO: loop: 5 - Buzz [] []
[2021-02-18T03:32:49.709757+00:00] channel-name.INFO: loop: 6 - Fizz [] []
[2021-02-18T03:32:49.709790+00:00] channel-name.INFO: loop: 7 - None [] []
[2021-02-18T03:32:49.709813+00:00] channel-name.INFO: loop: 8 - None [] []
[2021-02-18T03:32:49.709835+00:00] channel-name.INFO: loop: 9 - Fizz [] []
[2021-02-18T03:32:49.709865+00:00] channel-name.INFO: loop: 10 - Buzz [] []
[2021-02-18T03:32:49.709898+00:00] channel-name.INFO: loop: 11 - None [] []
[2021-02-18T03:32:49.709931+00:00] channel-name.INFO: loop: 12 - Fizz [] []
[2021-02-18T03:32:49.709963+00:00] channel-name.INFO: loop: 13 - None [] []
[2021-02-18T03:32:49.709996+00:00] channel-name.INFO: loop: 14 - None [] []
[2021-02-18T03:32:49.710030+00:00] channel-name.INFO: loop: 15 - FizzBuzz [] []
[2021-02-18T03:32:49.710065+00:00] channel-name.INFO: ----- End loop ------ [] []
